2014-06-19 17:39:52,221 [main] INFO  (DfReplaceSchemaTask#begin():87) - +------------------------------------------+
2014-06-19 17:39:52,224 [main] INFO  (DfReplaceSchemaTask#begin():88) - |                                          |
2014-06-19 17:39:52,225 [main] INFO  (DfReplaceSchemaTask#begin():89) - |              ReplaceSchema               |
2014-06-19 17:39:52,246 [main] INFO  (DfReplaceSchemaTask#begin():97) - |                                          |
2014-06-19 17:39:52,246 [main] INFO  (DfReplaceSchemaTask#begin():98) - +------------------------------------------+
2014-06-19 17:39:52,248 [main] INFO  (DfReplaceSchemaTask#waitBeforeReps():329) - ...Waiting for your GO SIGN from stdin before ReplaceSchema:
2014-06-19 17:40:01,616 [main] INFO  (DfDataSourceHandler#prepare():78) - ...Preparing data source:
2014-06-19 17:40:01,617 [main] INFO  (DfDataSourceHandler#prepare():79) -   driver = com.mysql.jdbc.Driver
2014-06-19 17:40:01,618 [main] INFO  (DfDataSourceHandler#prepare():80) -   url    = jdbc:mysql://localhost:3306/twitter
2014-06-19 17:40:01,619 [main] INFO  (DfDataSourceHandler#prepare():81) -   user   = twitter
2014-06-19 17:40:01,630 [main] INFO  (DfDataSourceHandler#createConnection():168) - ...Connecting to database by data source:
2014-06-19 17:40:01,844 [main] INFO  (DfReplaceSchemaTask#setupLazyConnection():139) - ...Being a lazy connection: Failed to connect: url=jdbc:mysql://localhost:3...
2014-06-19 17:40:01,871 [main] ERROR (DfDBFluteTaskUtil#logException():161) - Look! Read the message below.
/* * * * * * * * * * * * * * * * * * * * * * * * * * * * * * * * * *
Failed to execute DBFlute Task 'ReplaceSchema'.

[Advice]
Check the exception messages and the stack traces.
* * * * * * * * * */
org.seasar.dbflute.infra.reps.exception.DfReplaceSchemaExecuteNotAllowedException: Look! Read the message below.
/* * * * * * * * * * * * * * * * * * * * * * * * * * * * * * * * * *
Your ReplaceSchema execution was not allowed.

[Advice]
Not found SQL files for ReplaceSchema,
so your execution might be mistake...?

[SQL Root Directory]
playsql
* * * * * * * * * */
	at org.seasar.dbflute.infra.reps.DfRepsExecuteLimitter.throwReplaceSchemaExecuteNotAllowedException(DfRepsExecuteLimitter.java:76)
	at org.seasar.dbflute.infra.reps.DfRepsExecuteLimitter.checkExecutableOrNot(DfRepsExecuteLimitter.java:60)
	at org.seasar.dbflute.logic.replaceschema.process.DfCreateSchemaProcess.checkBeforeInitialize(DfCreateSchemaProcess.java:152)
	at org.seasar.dbflute.logic.replaceschema.process.DfCreateSchemaProcess.execute(DfCreateSchemaProcess.java:140)
	at org.seasar.dbflute.task.DfReplaceSchemaTask.createSchema(DfReplaceSchemaTask.java:248)
	at org.seasar.dbflute.task.DfReplaceSchemaTask.doExecuteCoreProcess(DfReplaceSchemaTask.java:237)
	at org.seasar.dbflute.task.DfReplaceSchemaTask.executeCoreProcess(DfReplaceSchemaTask.java:232)
	at org.seasar.dbflute.task.DfReplaceSchemaTask.processMain(DfReplaceSchemaTask.java:225)
	at org.seasar.dbflute.task.DfReplaceSchemaTask.doExecute(DfReplaceSchemaTask.java:153)
	at org.seasar.dbflute.task.bs.DfAbstractTexenTask$1.callActualExecute(DfAbstractTexenTask.java:130)
	at org.seasar.dbflute.task.bs.assistant.DfTaskBasicController.doExecute(DfTaskBasicController.java:184)
	at org.seasar.dbflute.task.bs.assistant.DfTaskBasicController.execute(DfTaskBasicController.java:77)
	at org.seasar.dbflute.task.bs.DfAbstractTexenTask.execute(DfAbstractTexenTask.java:152)
	at org.apache.tools.ant.UnknownElement.execute(UnknownElement.java:288)
	at sun.reflect.GeneratedMethodAccessor3.invoke(Unknown Source)
	at sun.reflect.DelegatingMethodAccessorImpl.invoke(DelegatingMethodAccessorImpl.java:43)
	at java.lang.reflect.Method.invoke(Method.java:606)
	at org.apache.tools.ant.dispatch.DispatchUtils.execute(DispatchUtils.java:105)
	at org.apache.tools.ant.Task.perform(Task.java:348)
	at org.apache.tools.ant.Target.execute(Target.java:357)
	at org.apache.tools.ant.Target.performTasks(Target.java:385)
	at org.apache.tools.ant.Project.executeSortedTargets(Project.java:1329)
	at org.apache.tools.ant.Project.executeTarget(Project.java:1298)
	at org.apache.tools.ant.helper.DefaultExecutor.executeTargets(DefaultExecutor.java:41)
	at org.apache.tools.ant.Project.executeTargets(Project.java:1181)
	at org.apache.tools.ant.Main.runBuild(Main.java:698)
	at org.apache.tools.ant.Main.startAnt(Main.java:199)
	at org.apache.tools.ant.launch.Launcher.run(Launcher.java:257)
	at org.apache.tools.ant.launch.Launcher.main(Launcher.java:104)
2014-06-19 17:40:01,924 [main] INFO  (DfDBFluteTaskUtil#logFinalMessage():150) - 
_/_/_/_/_/_/_/_/_/_/_/_/_/_/_/_/_/_/_/_/_/_/
[Final Message]: 00m09s698ms *Abort

  DBFLUTE_CLIENT: {twitter}
    database  = mysql
    language  = java
    container = seasar
    package   = jp.bizreach.twitter.dbflute

  DBFLUTE_ENVIRONMENT_TYPE: {}
    driver = com.mysql.jdbc.Driver
    url    = jdbc:mysql://localhost:3306/twitter
    schema = {twitter.$$NoNameSchema$$ as main}
    user   = twitter
    props  = {}
    additionalSchema = 
    repsEnvType      = ut
    refreshProject   = dbflute-hands-on


_/_/_/_/_/_/_/_/_/_/ {ReplaceSchema}
